==6834== Memcheck, a memory error detector
==6834== Copyright (C) 2002-2022, and GNU GPL'd, by Julian Seward et al.
==6834== Using Valgrind-3.22.0 and LibVEX; rerun with -h for copyright info
==6834== Command: ./philo 5 800 200 200 2
==6834== 
150 4 has taken a fork
161 4 has taken a fork
162 4 is eating
164 3 has taken a fork
165 1 has taken a fork
165 1 has taken a fork
165 1 is eating
363 4 is sleeping
363 3 has taken a fork
363 3 is eating
364 5 has taken a fork
365 1 is sleeping
365 5 has taken a fork
365 5 is eating
563 2 has taken a fork
563 2 has taken a fork
563 2 is eating
563 3 is sleeping
563 4 is thinking
565 5 is sleeping
565 4 has taken a fork
565 4 has taken a fork
565 4 is eating
565 1 is thinking
565 1 has taken a fork
763 2 is sleeping
763 1 has taken a fork
763 1 is eating
763 3 is thinking
763 3 has taken a fork
765 4 is sleeping
765 3 has taken a fork
765 3 is eating
765 5 is thinking
765 5 has taken a fork
963 2 is thinking
963 1 is sleeping
963 5 has taken a fork
963 5 is eating
965 4 is thinking
965 2 has taken a fork
965 2 has taken a fork
965 2 is eating
966 3 is sleeping
1163 1 is thinking
1163 4 has taken a fork
1163 4 has taken a fork
1163 4 is eating
1163 1 has taken a fork
1163 5 is sleeping
1165 2 is sleeping
1165 1 has taken a fork
1165 1 is eating
==6834== 
==6834== HEAP SUMMARY:
==6834==     in use at exit: 0 bytes in 0 blocks
==6834==   total heap usage: 9 allocs, 9 frees, 6,120 bytes allocated
==6834== 
==6834== All heap blocks were freed -- no leaks are possible
==6834== 
==6834== For lists of detected and suppressed errors, rerun with: -s
==6834== ERROR SUMMARY: 0 errors from 0 contexts (suppressed: 0 from 0)
